DEBUG - 2026-07-21 07:04:39 --> Session: Class initialized using 'CodeIgniter\Session\Handlers\FileHandler' driver.
CRITICAL - 2026-07-21 07:26:52 --> ErrorException: Undefined variable $promotion_commission
[Method: GET, Route: admin/commissions]
in APPPATH/Views/admin/commissions.php on line 90.
 1 APPPATH/Views/admin/commissions.php(90): CodeIgniter\Debug\Exceptions->errorHandler()
 2 SYSTEMPATH/View/View.php(240): include('/opt/lampp/htdocs/L2/S4/4338-4433/app/Views/admin/commissions.php')
 3 SYSTEMPATH/View/View.php(243): CodeIgniter\View\View->{closure:CodeIgniter\View\View::render():237}()
 4 SYSTEMPATH/Common.php(1250): CodeIgniter\View\View->render()
 5 APPPATH/Controllers/Admin/Commissions.php(20): view()
 6 SYSTEMPATH/CodeIgniter.php(951): App\Controllers\Admin\Commissions->index()
 7 SYSTEMPATH/CodeIgniter.php(497): CodeIgniter\CodeIgniter->runController()
 8 SYSTEMPATH/CodeIgniter.php(340): CodeIgniter\CodeIgniter->handleRequest()
 9 SYSTEMPATH/Boot.php(417): CodeIgniter\CodeIgniter->run()
10 SYSTEMPATH/Boot.php(68): CodeIgniter\Boot::runCodeIgniter()
11 FCPATH/index.php(59): CodeIgniter\Boot::bootWeb()
12 SYSTEMPATH/rewrite.php(44): require_once('/opt/lampp/htdocs/L2/S4/4338-4433/public/index.php')
CRITICAL - 2026-07-21 07:27:51 --> ErrorException: Undefined variable $promotion_commission
[Method: GET, Route: admin/commissions]
in APPPATH/Views/admin/commissions.php on line 90.
 1 APPPATH/Views/admin/commissions.php(90): CodeIgniter\Debug\Exceptions->errorHandler()
 2 SYSTEMPATH/View/View.php(240): include('/opt/lampp/htdocs/L2/S4/4338-4433/app/Views/admin/commissions.php')
 3 SYSTEMPATH/View/View.php(243): CodeIgniter\View\View->{closure:CodeIgniter\View\View::render():237}()
 4 SYSTEMPATH/Common.php(1250): CodeIgniter\View\View->render()
 5 APPPATH/Controllers/Admin/Commissions.php(20): view()
 6 SYSTEMPATH/CodeIgniter.php(951): App\Controllers\Admin\Commissions->index()
 7 SYSTEMPATH/CodeIgniter.php(497): CodeIgniter\CodeIgniter->runController()
 8 SYSTEMPATH/CodeIgniter.php(340): CodeIgniter\CodeIgniter->handleRequest()
 9 SYSTEMPATH/Boot.php(417): CodeIgniter\CodeIgniter->run()
10 SYSTEMPATH/Boot.php(68): CodeIgniter\Boot::runCodeIgniter()
11 FCPATH/index.php(59): CodeIgniter\Boot::bootWeb()
12 SYSTEMPATH/rewrite.php(44): require_once('/opt/lampp/htdocs/L2/S4/4338-4433/public/index.php')
CRITICAL - 2026-07-21 07:27:52 --> ErrorException: Undefined variable $promotion_commission
[Method: GET, Route: admin/commissions]
in APPPATH/Views/admin/commissions.php on line 90.
 1 APPPATH/Views/admin/commissions.php(90): CodeIgniter\Debug\Exceptions->errorHandler()
 2 SYSTEMPATH/View/View.php(240): include('/opt/lampp/htdocs/L2/S4/4338-4433/app/Views/admin/commissions.php')
 3 SYSTEMPATH/View/View.php(243): CodeIgniter\View\View->{closure:CodeIgniter\View\View::render():237}()
 4 SYSTEMPATH/Common.php(1250): CodeIgniter\View\View->render()
 5 APPPATH/Controllers/Admin/Commissions.php(20): view()
 6 SYSTEMPATH/CodeIgniter.php(951): App\Controllers\Admin\Commissions->index()
 7 SYSTEMPATH/CodeIgniter.php(497): CodeIgniter\CodeIgniter->runController()
 8 SYSTEMPATH/CodeIgniter.php(340): CodeIgniter\CodeIgniter->handleRequest()
 9 SYSTEMPATH/Boot.php(417): CodeIgniter\CodeIgniter->run()
10 SYSTEMPATH/Boot.php(68): CodeIgniter\Boot::runCodeIgniter()
11 FCPATH/index.php(59): CodeIgniter\Boot::bootWeb()
12 SYSTEMPATH/rewrite.php(44): require_once('/opt/lampp/htdocs/L2/S4/4338-4433/public/index.php')
CRITICAL - 2026-07-21 07:48:21 --> ErrorException: Undefined variable $op
[Method: GET, Route: admin/promotion]
in APPPATH/Views/admin/promotion.php on line 23.
 1 APPPATH/Views/admin/promotion.php(23): CodeIgniter\Debug\Exceptions->errorHandler()
 2 SYSTEMPATH/View/View.php(240): include('/opt/lampp/htdocs/L2/S4/4338-4433/app/Views/admin/promotion.php')
 3 SYSTEMPATH/View/View.php(243): CodeIgniter\View\View->{closure:CodeIgniter\View\View::render():237}()
 4 SYSTEMPATH/Common.php(1250): CodeIgniter\View\View->render()
 5 APPPATH/Controllers/Admin/promotion.php(16): view()
 6 SYSTEMPATH/CodeIgniter.php(951): App\Controllers\Admin\promotion->index()
 7 SYSTEMPATH/CodeIgniter.php(497): CodeIgniter\CodeIgniter->runController()
 8 SYSTEMPATH/CodeIgniter.php(340): CodeIgniter\CodeIgniter->handleRequest()
 9 SYSTEMPATH/Boot.php(417): CodeIgniter\CodeIgniter->run()
10 SYSTEMPATH/Boot.php(68): CodeIgniter\Boot::runCodeIgniter()
11 FCPATH/index.php(59): CodeIgniter\Boot::bootWeb()
12 SYSTEMPATH/rewrite.php(44): require_once('/opt/lampp/htdocs/L2/S4/4338-4433/public/index.php')
CRITICAL - 2026-07-21 07:51:38 --> ErrorException: Undefined variable $op
[Method: GET, Route: admin/promotion]
in APPPATH/Views/admin/promotion.php on line 23.
 1 APPPATH/Views/admin/promotion.php(23): CodeIgniter\Debug\Exceptions->errorHandler()
 2 SYSTEMPATH/View/View.php(240): include('/opt/lampp/htdocs/L2/S4/4338-4433/app/Views/admin/promotion.php')
 3 SYSTEMPATH/View/View.php(243): CodeIgniter\View\View->{closure:CodeIgniter\View\View::render():237}()
 4 SYSTEMPATH/Common.php(1250): CodeIgniter\View\View->render()
 5 APPPATH/Controllers/Admin/promotion.php(16): view()
 6 SYSTEMPATH/CodeIgniter.php(951): App\Controllers\Admin\promotion->index()
 7 SYSTEMPATH/CodeIgniter.php(497): CodeIgniter\CodeIgniter->runController()
 8 SYSTEMPATH/CodeIgniter.php(340): CodeIgniter\CodeIgniter->handleRequest()
 9 SYSTEMPATH/Boot.php(417): CodeIgniter\CodeIgniter->run()
10 SYSTEMPATH/Boot.php(68): CodeIgniter\Boot::runCodeIgniter()
11 FCPATH/index.php(59): CodeIgniter\Boot::bootWeb()
12 SYSTEMPATH/rewrite.php(44): require_once('/opt/lampp/htdocs/L2/S4/4338-4433/public/index.php')
